<?xml version="1.0" encoding="UTF-8"?>
<!-- Generated by org.testng.reporters.JUnitXMLReporter -->
<testsuite hostname="EONPC-18" ignored="0" name="ChromeTest" tests="14" failures="0" timestamp="2019-10-09T13:05:48 IST" time="201.42" errors="0">
  <testcase name="emptyCompanyNameTest" time="14.361" classname="com.lambdatest.SignUpTest"/>
  <testcase name="emptyEmailTest" time="9.282" classname="com.lambdatest.SignUpTest"/>
  <testcase name="emptyNameTest" time="9.18" classname="com.lambdatest.SignUpTest"/>
  <testcase name="emptyPasswordTest" time="9.307" classname="com.lambdatest.SignUpTest"/>
  <testcase name="emptyPhoneTest" time="8.99" classname="com.lambdatest.SignUpTest"/>
  <testcase name="inValidPasswordTest" time="9.204" classname="com.lambdatest.SignUpTest"/>
  <testcase name="inValidPhoneTest" time="9.621" classname="com.lambdatest.SignUpTest"/>
  <testcase name="invalidEmailTest" time="9.087" classname="com.lambdatest.SignUpTest"/>
  <testcase name="loginRedirectionTest" time="2.493" classname="com.lambdatest.SignUpTest"/>
  <testcase name="privacyPolicyRedirectionTest" time="3.698" classname="com.lambdatest.SignUpTest"/>
  <testcase name="termsRedirectionTest" time="4.058" classname="com.lambdatest.SignUpTest"/>
  <testcase name="uncheckedTerms" time="8.436" classname="com.lambdatest.SignUpTest"/>
  <testcase name="validRegistrationTest" time="13.539" classname="com.lambdatest.SignUpTest"/>
  <testcase name="verifyElemntsOnPageTest" time="4.107" classname="com.lambdatest.SignUpTest"/>
</testsuite> <!-- ChromeTest -->
