<?xml version="1.0" encoding="UTF-8"?>
<!-- Generated by org.testng.reporters.JUnitXMLReporter -->
<testsuite hostname="EONPC-18" ignored="0" tests="13" failures="0" timestamp="2019-10-07T17:01:02 IST" time="186.536" errors="0">
  <testcase name="emptyEmailTest" time="9.832" classname="SignUpTest"/>
  <testcase name="emptyNameTest" time="9.698" classname="SignUpTest"/>
  <testcase name="emptyPasswordTest" time="9.448" classname="SignUpTest"/>
  <testcase name="emptyPhoneTest" time="9.629" classname="SignUpTest"/>
  <testcase name="inValidPasswordTest" time="9.23" classname="SignUpTest"/>
  <testcase name="inValidPhoneTest" time="9.423" classname="SignUpTest"/>
  <testcase name="invalidEmailTest" time="9.263" classname="SignUpTest"/>
  <testcase name="uncheckedTerms" time="8.726" classname="SignUpTest"/>
  <testcase name="validRegistrationTest" time="8.417" classname="SignUpTest"/>
  <testcase name="verifyElemntsOnPageTest" time="4.028" classname="SignUpTest"/>
  <testcase name="verifyLoginRedirection" time="2.616" classname="SignUpTest"/>
  <testcase name="verifyPrivacyPolicyRedirection" time="4.548" classname="SignUpTest"/>
  <testcase name="verifyTermsRedirection" time="5.098" classname="SignUpTest"/>
</testsuite>
