<?xml version="1.0" encoding="UTF-8"?>
<testng-results skipped="0" failed="2" ignored="0" total="14" passed="12">
  <reporter-output>
  </reporter-output>
  <suite name="Default suite" duration-ms="216893" started-at="2019-10-09T11:04:10 IST" finished-at="2019-10-09T11:07:47 IST">
    <groups>
    </groups>
    <test name="Default test" duration-ms="216893" started-at="2019-10-09T11:04:10 IST" finished-at="2019-10-09T11:07:47 IST">
      <class name="com.lambdatest.SignUpTest">
        <test-method status="PASS" signature="setUp()[pri:0, instance:com.lambdatest.SignUpTest@18eed359]" name="setUp" is-config="true" duration-ms="10157" started-at="2019-10-09T11:04:10 IST" finished-at="2019-10-09T11:04:20 IST">
          <reporter-output>
          </reporter-output>
        </test-method> <!-- setUp -->
        <test-method status="PASS" signature="openBrowser()[pri:0, instance:com.lambdatest.SignUpTest@18eed359]" name="openBrowser" is-config="true" duration-ms="15516" started-at="2019-10-09T11:04:20 IST" finished-at="2019-10-09T11:04:35 IST">
          <reporter-output>
          </reporter-output>
        </test-method> <!-- openBrowser -->
        <test-method status="FAIL" signature="emptyCompanyNameTest()[pri:0, instance:com.lambdatest.SignUpTest@18eed359]" name="emptyCompanyNameTest" duration-ms="14816" started-at="2019-10-09T11:04:35 IST" finished-at="2019-10-09T11:04:50 IST">
          <exception class="java.lang.AssertionError">
            <message>
              <![CDATA[expected [Login - LambdaTest] but found [Verify Your Email Address - LambdaTest]]]>
            </message>
            <full-stacktrace>
              <![CDATA[java.lang.AssertionError: expected [Login - LambdaTest] but found [Verify Your Email Address - LambdaTest]
at org.testng.Assert.fail(Assert.java:97)
at org.testng.Assert.assertEqualsImpl(Assert.java:136)
at org.testng.Assert.assertEquals(Assert.java:118)
at org.testng.Assert.assertEquals(Assert.java:575)
at org.testng.Assert.assertEquals(Assert.java:585)
at com.lambdatest.SignUpTest.emptyCompanyNameTest(SignUpTest.java:225)
at sun.reflect.NativeMethodAccessorImpl.invoke0(Native Method)
at sun.reflect.NativeMethodAccessorImpl.invoke(Unknown Source)
at sun.reflect.DelegatingMethodAccessorImpl.invoke(Unknown Source)
at java.lang.reflect.Method.invoke(Unknown Source)
at org.testng.internal.MethodInvocationHelper.invokeMethod(MethodInvocationHelper.java:133)
at org.testng.internal.TestInvoker.invokeMethod(TestInvoker.java:584)
at org.testng.internal.TestInvoker.invokeTestMethod(TestInvoker.java:172)
at org.testng.internal.MethodRunner.runInSequence(MethodRunner.java:46)
at org.testng.internal.TestInvoker$MethodInvocationAgent.invoke(TestInvoker.java:804)
at org.testng.internal.TestInvoker.invokeTestMethods(TestInvoker.java:145)
at org.testng.internal.TestMethodWorker.invokeTestMethods(TestMethodWorker.java:146)
at org.testng.internal.TestMethodWorker.run(TestMethodWorker.java:128)
at java.util.ArrayList.forEach(Unknown Source)
at org.testng.TestRunner.privateRun(TestRunner.java:770)
at org.testng.TestRunner.run(TestRunner.java:591)
at org.testng.SuiteRunner.runTest(SuiteRunner.java:402)
at org.testng.SuiteRunner.runSequentially(SuiteRunner.java:396)
at org.testng.SuiteRunner.privateRun(SuiteRunner.java:355)
at org.testng.SuiteRunner.run(SuiteRunner.java:304)
at org.testng.SuiteRunnerWorker.runSuite(SuiteRunnerWorker.java:53)
at org.testng.SuiteRunnerWorker.run(SuiteRunnerWorker.java:96)
at org.testng.TestNG.runSuitesSequentially(TestNG.java:1180)
at org.testng.TestNG.runSuitesLocally(TestNG.java:1102)
at org.testng.TestNG.runSuites(TestNG.java:1032)
at org.testng.TestNG.run(TestNG.java:1000)
at org.testng.remote.AbstractRemoteTestNG.run(AbstractRemoteTestNG.java:115)
at org.testng.remote.RemoteTestNG.initAndRun(RemoteTestNG.java:251)
at org.testng.remote.RemoteTestNG.main(RemoteTestNG.java:77)
]]>
            </full-stacktrace>
          </exception> <!-- java.lang.AssertionError -->
          <reporter-output>
          </reporter-output>
        </test-method> <!-- emptyCompanyNameTest -->
        <test-method status="PASS" signature="openBrowser()[pri:0, instance:com.lambdatest.SignUpTest@18eed359]" name="openBrowser" is-config="true" duration-ms="5561" started-at="2019-10-09T11:04:50 IST" finished-at="2019-10-09T11:04:56 IST">
          <reporter-output>
          </reporter-output>
        </test-method> <!-- openBrowser -->
        <test-method status="PASS" signature="emptyEmailTest()[pri:0, instance:com.lambdatest.SignUpTest@18eed359]" name="emptyEmailTest" duration-ms="9754" started-at="2019-10-09T11:04:56 IST" finished-at="2019-10-09T11:05:05 IST">
          <reporter-output>
          </reporter-output>
        </test-method> <!-- emptyEmailTest -->
        <test-method status="PASS" signature="openBrowser()[pri:0, instance:com.lambdatest.SignUpTest@18eed359]" name="openBrowser" is-config="true" duration-ms="5085" started-at="2019-10-09T11:05:05 IST" finished-at="2019-10-09T11:05:11 IST">
          <reporter-output>
          </reporter-output>
        </test-method> <!-- openBrowser -->
        <test-method status="PASS" signature="emptyNameTest()[pri:0, instance:com.lambdatest.SignUpTest@18eed359]" name="emptyNameTest" duration-ms="9920" started-at="2019-10-09T11:05:11 IST" finished-at="2019-10-09T11:05:20 IST">
          <reporter-output>
          </reporter-output>
        </test-method> <!-- emptyNameTest -->
        <test-method status="PASS" signature="openBrowser()[pri:0, instance:com.lambdatest.SignUpTest@18eed359]" name="openBrowser" is-config="true" duration-ms="5352" started-at="2019-10-09T11:05:20 IST" finished-at="2019-10-09T11:05:26 IST">
          <reporter-output>
          </reporter-output>
        </test-method> <!-- openBrowser -->
        <test-method status="PASS" signature="emptyPasswordTest()[pri:0, instance:com.lambdatest.SignUpTest@18eed359]" name="emptyPasswordTest" duration-ms="9682" started-at="2019-10-09T11:05:26 IST" finished-at="2019-10-09T11:05:35 IST">
          <reporter-output>
          </reporter-output>
        </test-method> <!-- emptyPasswordTest -->
        <test-method status="PASS" signature="openBrowser()[pri:0, instance:com.lambdatest.SignUpTest@18eed359]" name="openBrowser" is-config="true" duration-ms="4945" started-at="2019-10-09T11:05:35 IST" finished-at="2019-10-09T11:05:40 IST">
          <reporter-output>
          </reporter-output>
        </test-method> <!-- openBrowser -->
        <test-method status="PASS" signature="emptyPhoneTest()[pri:0, instance:com.lambdatest.SignUpTest@18eed359]" name="emptyPhoneTest" duration-ms="10295" started-at="2019-10-09T11:05:40 IST" finished-at="2019-10-09T11:05:51 IST">
          <reporter-output>
          </reporter-output>
        </test-method> <!-- emptyPhoneTest -->
        <test-method status="PASS" signature="openBrowser()[pri:0, instance:com.lambdatest.SignUpTest@18eed359]" name="openBrowser" is-config="true" duration-ms="5322" started-at="2019-10-09T11:05:51 IST" finished-at="2019-10-09T11:05:56 IST">
          <reporter-output>
          </reporter-output>
        </test-method> <!-- openBrowser -->
        <test-method status="PASS" signature="inValidPasswordTest()[pri:0, instance:com.lambdatest.SignUpTest@18eed359]" name="inValidPasswordTest" duration-ms="9294" started-at="2019-10-09T11:05:56 IST" finished-at="2019-10-09T11:06:05 IST">
          <reporter-output>
          </reporter-output>
        </test-method> <!-- inValidPasswordTest -->
        <test-method status="PASS" signature="openBrowser()[pri:0, instance:com.lambdatest.SignUpTest@18eed359]" name="openBrowser" is-config="true" duration-ms="4898" started-at="2019-10-09T11:06:05 IST" finished-at="2019-10-09T11:06:10 IST">
          <reporter-output>
          </reporter-output>
        </test-method> <!-- openBrowser -->
        <test-method status="PASS" signature="inValidPhoneTest()[pri:0, instance:com.lambdatest.SignUpTest@18eed359]" name="inValidPhoneTest" duration-ms="9171" started-at="2019-10-09T11:06:10 IST" finished-at="2019-10-09T11:06:19 IST">
          <reporter-output>
          </reporter-output>
        </test-method> <!-- inValidPhoneTest -->
        <test-method status="PASS" signature="openBrowser()[pri:0, instance:com.lambdatest.SignUpTest@18eed359]" name="openBrowser" is-config="true" duration-ms="4900" started-at="2019-10-09T11:06:19 IST" finished-at="2019-10-09T11:06:24 IST">
          <reporter-output>
          </reporter-output>
        </test-method> <!-- openBrowser -->
        <test-method status="PASS" signature="invalidEmailTest()[pri:0, instance:com.lambdatest.SignUpTest@18eed359]" name="invalidEmailTest" duration-ms="9252" started-at="2019-10-09T11:06:24 IST" finished-at="2019-10-09T11:06:34 IST">
          <reporter-output>
          </reporter-output>
        </test-method> <!-- invalidEmailTest -->
        <test-method status="PASS" signature="openBrowser()[pri:0, instance:com.lambdatest.SignUpTest@18eed359]" name="openBrowser" is-config="true" duration-ms="4468" started-at="2019-10-09T11:06:34 IST" finished-at="2019-10-09T11:06:38 IST">
          <reporter-output>
          </reporter-output>
        </test-method> <!-- openBrowser -->
        <test-method status="PASS" signature="loginRedirectionTest()[pri:0, instance:com.lambdatest.SignUpTest@18eed359]" name="loginRedirectionTest" duration-ms="2547" started-at="2019-10-09T11:06:38 IST" finished-at="2019-10-09T11:06:41 IST">
          <reporter-output>
          </reporter-output>
        </test-method> <!-- loginRedirectionTest -->
        <test-method status="PASS" signature="openBrowser()[pri:0, instance:com.lambdatest.SignUpTest@18eed359]" name="openBrowser" is-config="true" duration-ms="4904" started-at="2019-10-09T11:06:41 IST" finished-at="2019-10-09T11:06:46 IST">
          <reporter-output>
          </reporter-output>
        </test-method> <!-- openBrowser -->
        <test-method status="PASS" signature="privacyPolicyRedirectionTest()[pri:0, instance:com.lambdatest.SignUpTest@18eed359]" name="privacyPolicyRedirectionTest" duration-ms="4990" started-at="2019-10-09T11:06:46 IST" finished-at="2019-10-09T11:06:50 IST">
          <reporter-output>
          </reporter-output>
        </test-method> <!-- privacyPolicyRedirectionTest -->
        <test-method status="PASS" signature="openBrowser()[pri:0, instance:com.lambdatest.SignUpTest@18eed359]" name="openBrowser" is-config="true" duration-ms="4735" started-at="2019-10-09T11:06:50 IST" finished-at="2019-10-09T11:06:55 IST">
          <reporter-output>
          </reporter-output>
        </test-method> <!-- openBrowser -->
        <test-method status="PASS" signature="termsRedirectionTest()[pri:0, instance:com.lambdatest.SignUpTest@18eed359]" name="termsRedirectionTest" duration-ms="5007" started-at="2019-10-09T11:06:55 IST" finished-at="2019-10-09T11:07:00 IST">
          <reporter-output>
          </reporter-output>
        </test-method> <!-- termsRedirectionTest -->
        <test-method status="PASS" signature="openBrowser()[pri:0, instance:com.lambdatest.SignUpTest@18eed359]" name="openBrowser" is-config="true" duration-ms="5008" started-at="2019-10-09T11:07:00 IST" finished-at="2019-10-09T11:07:05 IST">
          <reporter-output>
          </reporter-output>
        </test-method> <!-- openBrowser -->
        <test-method status="PASS" signature="uncheckedTerms()[pri:0, instance:com.lambdatest.SignUpTest@18eed359]" name="uncheckedTerms" duration-ms="7977" started-at="2019-10-09T11:07:05 IST" finished-at="2019-10-09T11:07:13 IST">
          <reporter-output>
          </reporter-output>
        </test-method> <!-- uncheckedTerms -->
        <test-method status="PASS" signature="openBrowser()[pri:0, instance:com.lambdatest.SignUpTest@18eed359]" name="openBrowser" is-config="true" duration-ms="4775" started-at="2019-10-09T11:07:13 IST" finished-at="2019-10-09T11:07:18 IST">
          <reporter-output>
          </reporter-output>
        </test-method> <!-- openBrowser -->
        <test-method status="FAIL" signature="validRegistrationTest()[pri:0, instance:com.lambdatest.SignUpTest@18eed359]" name="validRegistrationTest" duration-ms="13818" started-at="2019-10-09T11:07:18 IST" finished-at="2019-10-09T11:07:32 IST">
          <exception class="java.lang.AssertionError">
            <message>
              <![CDATA[expected [Login - LambdaTest] but found [Verify Your Email Address - LambdaTest]]]>
            </message>
            <full-stacktrace>
              <![CDATA[java.lang.AssertionError: expected [Login - LambdaTest] but found [Verify Your Email Address - LambdaTest]
at org.testng.Assert.fail(Assert.java:97)
at org.testng.Assert.assertEqualsImpl(Assert.java:136)
at org.testng.Assert.assertEquals(Assert.java:118)
at org.testng.Assert.assertEquals(Assert.java:575)
at org.testng.Assert.assertEquals(Assert.java:585)
at com.lambdatest.SignUpTest.validRegistrationTest(SignUpTest.java:183)
at sun.reflect.NativeMethodAccessorImpl.invoke0(Native Method)
at sun.reflect.NativeMethodAccessorImpl.invoke(Unknown Source)
at sun.reflect.DelegatingMethodAccessorImpl.invoke(Unknown Source)
at java.lang.reflect.Method.invoke(Unknown Source)
at org.testng.internal.MethodInvocationHelper.invokeMethod(MethodInvocationHelper.java:133)
at org.testng.internal.TestInvoker.invokeMethod(TestInvoker.java:584)
at org.testng.internal.TestInvoker.invokeTestMethod(TestInvoker.java:172)
at org.testng.internal.MethodRunner.runInSequence(MethodRunner.java:46)
at org.testng.internal.TestInvoker$MethodInvocationAgent.invoke(TestInvoker.java:804)
at org.testng.internal.TestInvoker.invokeTestMethods(TestInvoker.java:145)
at org.testng.internal.TestMethodWorker.invokeTestMethods(TestMethodWorker.java:146)
at org.testng.internal.TestMethodWorker.run(TestMethodWorker.java:128)
at java.util.ArrayList.forEach(Unknown Source)
at org.testng.TestRunner.privateRun(TestRunner.java:770)
at org.testng.TestRunner.run(TestRunner.java:591)
at org.testng.SuiteRunner.runTest(SuiteRunner.java:402)
at org.testng.SuiteRunner.runSequentially(SuiteRunner.java:396)
at org.testng.SuiteRunner.privateRun(SuiteRunner.java:355)
at org.testng.SuiteRunner.run(SuiteRunner.java:304)
at org.testng.SuiteRunnerWorker.runSuite(SuiteRunnerWorker.java:53)
at org.testng.SuiteRunnerWorker.run(SuiteRunnerWorker.java:96)
at org.testng.TestNG.runSuitesSequentially(TestNG.java:1180)
at org.testng.TestNG.runSuitesLocally(TestNG.java:1102)
at org.testng.TestNG.runSuites(TestNG.java:1032)
at org.testng.TestNG.run(TestNG.java:1000)
at org.testng.remote.AbstractRemoteTestNG.run(AbstractRemoteTestNG.java:115)
at org.testng.remote.RemoteTestNG.initAndRun(RemoteTestNG.java:251)
at org.testng.remote.RemoteTestNG.main(RemoteTestNG.java:77)
]]>
            </full-stacktrace>
          </exception> <!-- java.lang.AssertionError -->
          <reporter-output>
          </reporter-output>
        </test-method> <!-- validRegistrationTest -->
        <test-method status="PASS" signature="openBrowser()[pri:0, instance:com.lambdatest.SignUpTest@18eed359]" name="openBrowser" is-config="true" duration-ms="4817" started-at="2019-10-09T11:07:32 IST" finished-at="2019-10-09T11:07:37 IST">
          <reporter-output>
          </reporter-output>
        </test-method> <!-- openBrowser -->
        <test-method status="PASS" signature="verifyElemntsOnPageTest()[pri:0, instance:com.lambdatest.SignUpTest@18eed359]" name="verifyElemntsOnPageTest" duration-ms="4142" started-at="2019-10-09T11:07:37 IST" finished-at="2019-10-09T11:07:41 IST">
          <reporter-output>
          </reporter-output>
        </test-method> <!-- verifyElemntsOnPageTest -->
        <test-method status="PASS" signature="tearDown()[pri:0, instance:com.lambdatest.SignUpTest@18eed359]" name="tearDown" is-config="true" duration-ms="5720" started-at="2019-10-09T11:07:41 IST" finished-at="2019-10-09T11:07:47 IST">
          <reporter-output>
          </reporter-output>
        </test-method> <!-- tearDown -->
      </class> <!-- com.lambdatest.SignUpTest -->
    </test> <!-- Default test -->
  </suite> <!-- Default suite -->
</testng-results>
